2019-05-16 09:59:15,146 - LOG运行main方法 - INFO - Log.py - <module> - 这是我的一个日志测试
2019-05-16 09:59:50,760 - LOG运行main方法 - INFO - Log.py - <module> - 这是我的一个日志测试
2019-05-16 10:23:48,913 - LOG运行main方法 - INFO - Log.py - <module> - 这是我的一个日志测试
2019-05-16 10:47:33,561 - https - INFO - BaseHttp.py - set_url - 当前访问的地址为:https://test-staff-api-gateway-train.teyixing.com/v1/staff/login
2019-05-16 10:47:50,287 - https - INFO - BaseHttp.py - http_post - post请求返回数据:{"message":"OK","code":0,"data":{"token":"31775a76-53e1-45de-ab6c-c3c8da775d52","staff":{"id":10001,"name":"后台管理员","workNo":"10001","email":"it@tehang.com","mobile":"18038155378","tel":"0755-88889999","onDuty":true,"enabled":true,"createTime":"2019-01-27T09:00:00.000Z","updateTime":"2019-03-29T10:04:32.619Z"}}}
2019-05-16 10:47:50,312 - excel_log - ERROR - operationExcel.py - __init__ - 没有用例Excel，请创建并确认有数据
2019-05-16 10:49:37,003 - https - INFO - BaseHttp.py - set_url - 当前访问的地址为:https://test-staff-api-gateway-train.teyixing.com/v1/staff/login
2019-05-16 10:49:40,624 - https - INFO - BaseHttp.py - http_post - post请求返回数据:{"message":"OK","code":0,"data":{"token":"bfd25a77-2a43-4c0e-ba2a-c4cc484b0356","staff":{"id":10001,"name":"后台管理员","workNo":"10001","email":"it@tehang.com","mobile":"18038155378","tel":"0755-88889999","onDuty":true,"enabled":true,"createTime":"2019-01-27T09:00:00.000Z","updateTime":"2019-03-29T10:04:32.619Z"}}}
2019-05-16 10:50:28,474 - https - INFO - BaseHttp.py - set_url - 当前访问的地址为:https://test-staff-api-gateway-train.teyixing.com/v1/staff/login
2019-05-16 10:50:32,039 - https - INFO - BaseHttp.py - http_post - post请求返回数据:{"message":"OK","code":0,"data":{"token":"6a051287-ddf3-41de-ae25-08c4e87d256a","staff":{"id":10001,"name":"后台管理员","workNo":"10001","email":"it@tehang.com","mobile":"18038155378","tel":"0755-88889999","onDuty":true,"enabled":true,"createTime":"2019-01-27T09:00:00.000Z","updateTime":"2019-03-29T10:04:32.619Z"}}}
2019-05-16 10:54:49,067 - https - INFO - BaseHttp.py - set_url - 当前访问的地址为:https://test-staff-api-gateway-train.teyixing.com/v1/staff/login
2019-05-16 10:54:53,241 - https - INFO - BaseHttp.py - http_post - post请求返回数据:{"message":"OK","code":0,"data":{"token":"647eab14-add3-4dc6-852c-7e5c550a6ff8","staff":{"id":10001,"name":"后台管理员","workNo":"10001","email":"it@tehang.com","mobile":"18038155378","tel":"0755-88889999","onDuty":true,"enabled":true,"createTime":"2019-01-27T09:00:00.000Z","updateTime":"2019-03-29T10:04:32.619Z"}}}
2019-05-16 10:56:27,405 - https - INFO - BaseHttp.py - set_url - 当前访问的地址为:https://test-staff-api-gateway-train.teyixing.com/v1/staff/login
2019-05-16 10:56:30,940 - https - INFO - BaseHttp.py - http_post - post请求返回数据:{"message":"OK","code":0,"data":{"token":"ed3bca45-c8b3-468f-890a-c7e0757a486c","staff":{"id":10001,"name":"后台管理员","workNo":"10001","email":"it@tehang.com","mobile":"18038155378","tel":"0755-88889999","onDuty":true,"enabled":true,"createTime":"2019-01-27T09:00:00.000Z","updateTime":"2019-03-29T10:04:32.619Z"}}}
2019-05-16 10:57:27,962 - https - INFO - BaseHttp.py - set_url - 当前访问的地址为:https://test-staff-api-gateway-train.teyixing.com/v1/staff/login
2019-05-16 10:57:37,485 - https - INFO - BaseHttp.py - http_post - post请求返回数据:{"message":"OK","code":0,"data":{"token":"8b7be22f-baf4-42e8-bdec-83c8afea17f7","staff":{"id":10001,"name":"后台管理员","workNo":"10001","email":"it@tehang.com","mobile":"18038155378","tel":"0755-88889999","onDuty":true,"enabled":true,"createTime":"2019-01-27T09:00:00.000Z","updateTime":"2019-03-29T10:04:32.619Z"}}}
2019-05-16 10:58:20,787 - https - INFO - BaseHttp.py - set_url - 当前访问的地址为:https://test-staff-api-gateway-train.teyixing.com/v1/staff/login
2019-05-16 10:58:24,169 - https - INFO - BaseHttp.py - http_post - post请求返回数据:{"message":"OK","code":0,"data":{"token":"a6019d7c-888f-46fd-b44a-6fb49d0a519f","staff":{"id":10001,"name":"后台管理员","workNo":"10001","email":"it@tehang.com","mobile":"18038155378","tel":"0755-88889999","onDuty":true,"enabled":true,"createTime":"2019-01-27T09:00:00.000Z","updateTime":"2019-03-29T10:04:32.619Z"}}}
2019-05-16 11:04:30,795 - https - INFO - BaseHttp.py - set_url - 当前访问的地址为:https://test-staff-api-gateway-train.teyixing.com/v1/staff/login
2019-05-16 11:04:34,277 - https - INFO - BaseHttp.py - http_post - post请求返回数据:{"message":"OK","code":0,"data":{"token":"0f8fade9-0df5-4cae-90a2-24ff8675a19b","staff":{"id":10001,"name":"后台管理员","workNo":"10001","email":"it@tehang.com","mobile":"18038155378","tel":"0755-88889999","onDuty":true,"enabled":true,"createTime":"2019-01-27T09:00:00.000Z","updateTime":"2019-03-29T10:04:32.619Z"}}}
2019-05-16 11:11:53,457 - https - INFO - BaseHttp.py - set_url - 当前访问的地址为:https://test-staff-api-gateway-train.teyixing.com/v1/staff/login
2019-05-16 11:12:03,173 - https - INFO - BaseHttp.py - http_post - post请求返回数据:{"message":"OK","code":0,"data":{"token":"b1095a9a-7c8f-44f0-9565-2735ecea9d50","staff":{"id":10001,"name":"后台管理员","workNo":"10001","email":"it@tehang.com","mobile":"18038155378","tel":"0755-88889999","onDuty":true,"enabled":true,"createTime":"2019-01-27T09:00:00.000Z","updateTime":"2019-03-29T10:04:32.619Z"}}}
2019-05-16 11:13:12,395 - https - INFO - BaseHttp.py - set_url - 当前访问的地址为:https://test-staff-api-gateway-train.teyixing.com/v1/staff/login
2019-05-16 11:13:21,778 - https - INFO - BaseHttp.py - http_post - post请求返回数据:{"message":"OK","code":0,"data":{"token":"c64bc56a-a23d-4254-b1fc-a03f14e8f317","staff":{"id":10001,"name":"后台管理员","workNo":"10001","email":"it@tehang.com","mobile":"18038155378","tel":"0755-88889999","onDuty":true,"enabled":true,"createTime":"2019-01-27T09:00:00.000Z","updateTime":"2019-03-29T10:04:32.619Z"}}}
2019-05-16 11:16:26,663 - https - INFO - BaseHttp.py - set_url - 当前访问的地址为:https://test-staff-api-gateway-train.teyixing.com/v1/staff/login
2019-05-16 11:16:36,622 - https - INFO - BaseHttp.py - http_post - post请求返回数据:{"message":"OK","code":0,"data":{"token":"a6d647f7-d692-4bfa-b294-284f4b4555b5","staff":{"id":10001,"name":"后台管理员","workNo":"10001","email":"it@tehang.com","mobile":"18038155378","tel":"0755-88889999","onDuty":true,"enabled":true,"createTime":"2019-01-27T09:00:00.000Z","updateTime":"2019-03-29T10:04:32.619Z"}}}
2019-05-16 11:17:16,106 - https - INFO - BaseHttp.py - set_url - 当前访问的地址为:https://test-staff-api-gateway-train.teyixing.com/v1/staff/login
2019-05-16 11:17:26,057 - https - INFO - BaseHttp.py - http_post - post请求返回数据:{"message":"OK","code":0,"data":{"token":"154a2179-afaa-43ba-b054-8cb8f6535a16","staff":{"id":10001,"name":"后台管理员","workNo":"10001","email":"it@tehang.com","mobile":"18038155378","tel":"0755-88889999","onDuty":true,"enabled":true,"createTime":"2019-01-27T09:00:00.000Z","updateTime":"2019-03-29T10:04:32.619Z"}}}
2019-05-16 11:17:41,303 - https - INFO - BaseHttp.py - set_url - 当前访问的地址为:https://test-staff-api-gateway-train.teyixing.com/v1/staff/login
2019-05-16 11:17:44,725 - https - INFO - BaseHttp.py - http_post - post请求返回数据:{"message":"OK","code":0,"data":{"token":"04106a31-2d71-42ff-a3e4-7e2d7ad263e7","staff":{"id":10001,"name":"后台管理员","workNo":"10001","email":"it@tehang.com","mobile":"18038155378","tel":"0755-88889999","onDuty":true,"enabled":true,"createTime":"2019-01-27T09:00:00.000Z","updateTime":"2019-03-29T10:04:32.619Z"}}}
2019-05-16 11:17:44,752 - run_main - INFO - run.py - run_test - ================运行完成，请查看结果===============
2019-05-16 11:20:30,281 - https - INFO - BaseHttp.py - set_url - 当前访问的地址为:https://test-staff-api-gateway-train.teyixing.com/v1/staff/login
2019-05-16 11:20:39,761 - https - INFO - BaseHttp.py - http_post - post请求返回数据:{"message":"OK","code":0,"data":{"token":"afbbe4e8-c210-49e4-b474-e3e4d2ba9d01","staff":{"id":10001,"name":"后台管理员","workNo":"10001","email":"it@tehang.com","mobile":"18038155378","tel":"0755-88889999","onDuty":true,"enabled":true,"createTime":"2019-01-27T09:00:00.000Z","updateTime":"2019-03-29T10:04:32.619Z"}}}
2019-05-16 11:20:39,768 - run_main - INFO - run.py - run_test - ================运行完成，请查看结果===============
2019-05-16 11:47:50,495 - https - INFO - BaseHttp.py - set_url - 当前访问的地址为:https://test-staff-api-gateway-train.teyixing.com/v1/staff/login
2019-05-16 11:48:00,004 - https - INFO - BaseHttp.py - http_post - post请求返回数据:{"message":"OK","code":0,"data":{"token":"79ebc79c-649b-4122-ba2d-a9bb7c3fb97d","staff":{"id":10001,"name":"后台管理员","workNo":"10001","email":"it@tehang.com","mobile":"18038155378","tel":"0755-88889999","onDuty":true,"enabled":true,"createTime":"2019-01-27T09:00:00.000Z","updateTime":"2019-03-29T10:04:32.619Z"}}}
2019-05-16 11:48:00,023 - run_main - INFO - run.py - run_test - ================运行完成，请查看结果===============
2019-05-16 14:02:36,866 - https - INFO - BaseHttp.py - set_url - 当前访问的地址为:https://test-staff-api-gateway-train.teyixing.com/v1/staff/login
2019-05-16 14:02:37,233 - https - INFO - BaseHttp.py - http_post - post请求返回数据:{"message":"OK","code":0,"data":{"token":"9ce9d46f-e1f9-490a-8c12-7f3570586a94","staff":{"id":10001,"name":"后台管理员","workNo":"10001","email":"it@tehang.com","mobile":"18038155378","tel":"0755-88889999","onDuty":true,"enabled":true,"createTime":"2019-01-27T09:00:00.000Z","updateTime":"2019-03-29T10:04:32.619Z"}}}
2019-05-16 14:02:37,243 - run_main - INFO - run.py - run_test - ================运行完成，请查看结果===============
